
> frontend@0.0.0 build
> vite build

[36mvite v8.0.3 [32mbuilding client environment for production...[36m[39m
[2K
transforming...Γ£ô 15 modules transformed.
node.exe : [31mΓ£ù[39m Build failed in 858ms
At line:1 char:1
+ & "C:\Program Files\nodejs/node.exe" "C:\Program 
Files\nodejs/node_mo ...
+ ~~~~~~~~~~~~~~~~~~~~~~~~~~~~~~~~~~~~~~~~~~~~~~~~~~~
~~~~~~~~~~~~~~~~~~
    + CategoryInfo          : NotSpecified: ([31mΓ£ 
   ù[39m Build failed in 858ms:String) [], RemoteE  
  xception
    + FullyQualifiedErrorId : NativeCommandError
 
[31merror during build:
[31mBuild failed with 3 errors:

[31m[builtin:vite-transform] Error:[0m 
Unterminated regular expression
      
[38;5;246mΓò¡[0m[38;5;246mΓöÇ[0m[38;5;246m[[0m 
src/App.jsx:1481:18 [38;5;246m][0m
      [38;5;246mΓöé[0m
 [38;5;246m1481 Γöé[0m [38;5;249m [0m[38;5;249m 
[0m[38;5;249m [0m[38;5;249m [0m[38;5;249m 
[0m[38;5;249m [0m[38;5;249m [0m[38;5;249m 
[0m[38;5;249m [0m[38;5;249m [0m[38;5;249m 
[0m[38;5;249m [0m[38;5;249m [0m[38;5;249m 
[0m[38;5;249m [0m[38;5;249m 
[0m[38;5;249m<[0m/div>
 [38;5;240m     Γöé[0m                  
ΓöÇΓöÇΓöÇΓö¼ΓöÇΓöÇ  
 [38;5;240m     Γöé[0m                     
Γò░ΓöÇΓöÇΓöÇΓöÇ 
[38;5;246mΓöÇΓöÇΓöÇΓöÇΓöÇΓöÇΓò»[0m

[31m[builtin:vite-transform] Error:[0m Expected 
corresponding JSX closing tag for 'div'.
      
[38;5;246mΓò¡[0m[38;5;246mΓöÇ[0m[38;5;246m[[0m 
src/App.jsx:1108:44 [38;5;246m][0m
      [38;5;246mΓöé[0m
 [38;5;246m1077 Γöé[0m [38;5;249m [0m[38;5;249m 
[0m[38;5;249m [0m[38;5;249m [0m[38;5;249m 
[0m[38;5;249m [0m[38;5;249m [0m[38;5;249m 
[0m[38;5;249m [0m[38;5;249m [0m[38;5;249m 
[0m[38;5;249m [0m[38;5;249m [0m[38;5;249m 
[0m[38;5;249m [0m[38;5;249m [0m[38;5;249m 
[0m[38;5;249m [0m[38;5;249m [0m[38;5;249m 
[0m[38;5;249m [0m[38;5;249m [0m[38;5;249m 
[0m[38;5;249m [0m[38;5;249m [0m[38;5;249m 
[0m[38;5;249m [0m[38;5;249m [0m[38;5;249m 
[0m[38;5;249m [0m[38;5;249m [0m[38;5;249m 
[0m[38;5;249m [0m[38;5;249m [0m[38;5;249m 
[0m[38;5;249m [0m[38;5;249m [0m[38;5;249m 
[0m[38;5;249m [0m[38;5;249m [0m[38;5;249m 
[0m[38;5;249m [0m[38;5;249m [0m[38;5;249m 
[0m[38;5;249m<[0mdiv[38;5;249m [0m[38;5;249mc[
0m[38;5;249ml[0m[38;5;249ma[0m[38;5;249ms[0m[3
8;5;249ms[0m[38;5;249mN[0m[38;5;249ma[0m[38;5;2
49mm[0m[38;5;249me[0m[38;5;249m=[0m[38;5;249m"
[0m[38;5;249mr[0m[38;5;249me[0m[38;5;249ml[0m[
38;5;249ma[0m[38;5;249mt[0m[38;5;249mi[0m[38;5;
249mv[0m[38;5;249me[0m[38;5;249m [0m[38;5;249mi
[0m[38;5;249mn[0m[38;5;249ml[0m[38;5;249mi[0m
[38;5;249mn[0m[38;5;249me[0m[38;5;249m-[0m[38;5
;249mf[0m[38;5;249ml[0m[38;5;249me[0m[38;5;249m
x[0m[38;5;249m [0m[38;5;249mi[0m[38;5;249mt[0m
[38;5;249me[0m[38;5;249mm[0m[38;5;249ms[0m[38;
5;249m-[0m[38;5;249mc[0m[38;5;249me[0m[38;5;249
mn[0m[38;5;249mt[0m[38;5;249me[0m[38;5;249mr[0
m[38;5;249m [0m[38;5;249mm[0m[38;5;249ml[0m[38
;5;249m-[0m[38;5;249m1[0m[38;5;249m"[0m[38;5;24
9m>[0m
 [38;5;240m     Γöé[0m                             
                 ΓöÇΓö¼ΓöÇ  
 [38;5;240m     Γöé[0m                             
                  Γò░ΓöÇΓöÇΓöÇ Opened here
 [38;5;240m     Γöé[0m 
 [38;5;246m1108 Γöé[0m [38;5;249m [0m[38;5;249m 
[0m[38;5;249m [0m[38;5;249m [0m[38;5;249m 
[0m[38;5;249m [0m[38;5;249m [0m[38;5;249m 
[0m[38;5;249m [0m[38;5;249m [0m[38;5;249m 
[0m[38;5;249m [0m[38;5;249m [0m[38;5;249m 
[0m[38;5;249m [0m[38;5;249m [0m[38;5;249m 
[0m[38;5;249m [0m[38;5;249m [0m[38;5;249m 
[0m[38;5;249m [0m[38;5;249m [0m[38;5;249m 
[0m[38;5;249m [0m[38;5;249m [0m[38;5;249m 
[0m[38;5;249m [0m[38;5;249m [0m[38;5;249m 
[0m[38;5;249m [0m[38;5;249m [0m[38;5;249m 
[0m[38;5;249m [0m[38;5;249m [0m[38;5;249m 
[0m[38;5;249m [0m[38;5;249m [0m[38;5;249m 
[0m[38;5;249m [0m[38;5;249m [0m[38;5;249m [0m
[38;5;249m<[0m[38;5;249m/[0mh3[38;5;249m>[0m
 [38;5;240m     Γöé[0m                             
               ΓöÇΓö¼  
 [38;5;240m     Γöé[0m                             
                Γò░ΓöÇΓöÇ Expected `</div>`
[38;5;246mΓöÇΓöÇΓöÇΓöÇΓöÇΓöÇΓò»[0m

[31m[builtin:vite-transform] Error:[0m Expected 
corresponding JSX closing tag for 'h3'.
      
[38;5;246mΓò¡[0m[38;5;246mΓöÇ[0m[38;5;246m[[0m 
src/App.jsx:1110:41 [38;5;246m][0m
      [38;5;246mΓöé[0m
 [38;5;246m1075 Γöé[0m [38;5;249m [0m[38;5;249m 
[0m[38;5;249m [0m[38;5;249m [0m[38;5;249m 
[0m[38;5;249m [0m[38;5;249m [0m[38;5;249m 
[0m[38;5;249m [0m[38;5;249m [0m[38;5;249m 
[0m[38;5;249m [0m[38;5;249m [0m[38;5;249m 
[0m[38;5;249m [0m[38;5;249m [0m[38;5;249m 
[0m[38;5;249m [0m[38;5;249m [0m[38;5;249m 
[0m[38;5;249m [0m[38;5;249m [0m[38;5;249m 
[0m[38;5;249m [0m[38;5;249m [0m[38;5;249m 
[0m[38;5;249m [0m[38;5;249m [0m[38;5;249m 
[0m[38;5;249m [0m[38;5;249m [0m[38;5;249m 
[0m[38;5;249m [0m[38;5;249m [0m[38;5;249m 
[0m[38;5;249m [0m[38;5;249m [0m[38;5;249m 
[0m[38;5;249m [0m[38;5;249m 
[0m[38;5;249m<[0mh3[38;5;249m [0m[38;5;249mc[0
m[38;5;249ml[0m[38;5;249ma[0m[38;5;249ms[0m[38
;5;249ms[0m[38;5;249mN[0m[38;5;249ma[0m[38;5;24
9mm[0m[38;5;249me[0m[38;5;249m=[0m[38;5;249m"[
0m[38;5;249mf[0m[38;5;249mo[0m[38;5;249mn[0m[3
8;5;249mt[0m[38;5;249m-[0m[38;5;249mb[0m[38;5;2
49mo[0m[38;5;249ml[0m[38;5;249md[0m[38;5;249m 
[0m[38;5;249mt[0m[38;5;249me[0m[38;5;249mx[0m[
38;5;249mt[0m[38;5;249m-[0m[38;5;249mg[0m[38;5;
249mr[0m[38;5;249ma[0m[38;5;249my[0m[38;5;249m-
[0m[38;5;249m8[0m[38;5;249m0[0m[38;5;249m0[0m
[38;5;249m [0m[38;5;249md[0m[38;5;249ma[0m[38;5
;249mr[0m[38;5;249mk[0m[38;5;249m:[0m[38;5;249m
t[0m[38;5;249me[0m[38;5;249mx[0m[38;5;249mt[0m
[38;5;249m-[0m[38;5;249mw[0m[38;5;249mh[0m[38;
5;249mi[0m[38;5;249mt[0m[38;5;249me[0m[38;5;249
m [0m[38;5;249mf[0m[38;5;249ml[0m[38;5;249me[0
m[38;5;249mx[0m[38;5;249m [0m[38;5;249mi[0m[38
;5;249mt[0m[38;5;249me[0m[38;5;249mm[0m[38;5;24
9ms[0m[38;5;249m-[0m[38;5;249mc[0m[38;5;249me[
0m[38;5;249mn[0m[38;5;249mt[0m[38;5;249me[0m[3
8;5;249mr[0m[38;5;249m [0m[38;5;249mg[0m[38;5;2
49ma[0m[38;5;249mp[0m[38;5;249m-[0m[38;5;249m2
[0m[38;5;249m [0m[38;5;249mt[0m[38;5;249mr[0m[
38;5;249ma[0m[38;5;249mn[0m[38;5;249ms[0m[38;5;
249mi[0m[38;5;249mt[0m[38;5;249mi[0m[38;5;249mo
[0m[38;5;249mn[0m[38;5;249m-[0m[38;5;249mc[0m
[38;5;249mo[0m[38;5;249ml[0m[38;5;249mo[0m[38;5
;249mr[0m[38;5;249ms[0m[38;5;249m [0m[38;5;249m
r[0m[38;5;249me[0m[38;5;249ml[0m[38;5;249ma[0m
[38;5;249mt[0m[38;5;249mi[0m[38;5;249mv[0m[38;
5;249me[0m[38;5;249m [0m[38;5;249mg[0m[38;5;249
mr[0m[38;5;249mo[0m[38;5;249mu[0m[38;5;249mp[0
m[38;5;249m"[0m[38;5;249m>[0m
 [38;5;240m     Γöé[0m                             
             ΓöÇΓö¼  
 [38;5;240m     Γöé[0m                             
              Γò░ΓöÇΓöÇ Opened here
 [38;5;240m     Γöé[0m 
 [38;5;246m1110 Γöé[0m [38;5;249m [0m[38;5;249m 
[0m[38;5;249m [0m[38;5;249m [0m[38;5;249m 
[0m[38;5;249m [0m[38;5;249m [0m[38;5;249m 
[0m[38;5;249m [0m[38;5;249m [0m[38;5;249m 
[0m[38;5;249m [0m[38;5;249m [0m[38;5;249m 
[0m[38;5;249m [0m[38;5;249m [0m[38;5;249m 
[0m[38;5;249m [0m[38;5;249m [0m[38;5;249m 
[0m[38;5;249m [0m[38;5;249m [0m[38;5;249m 
[0m[38;5;249m [0m[38;5;249m [0m[38;5;249m 
[0m[38;5;249m [0m[38;5;249m [0m[38;5;249m 
[0m[38;5;249m [0m[38;5;249m [0m[38;5;249m 
[0m[38;5;249m [0m[38;5;249m [0m[38;5;249m 
[0m[38;5;249m [0m[38;5;249m [0m[38;5;249m [0m
[38;5;249m<[0m[38;5;249m/[0mdiv[38;5;249m>[0m
 [38;5;240m     Γöé[0m                             
            ΓöÇΓö¼ΓöÇ  
 [38;5;240m     Γöé[0m                             
             Γò░ΓöÇΓöÇΓöÇ Expected `</h3>`
[38;5;246mΓöÇΓöÇΓöÇΓöÇΓöÇΓöÇΓò»[0m
[31m
    at aggregateBindingErrorsIntoJsError (file:///C:/
Users/ponug/OneDrive/Desktop/3rdyrproject/frontend/no
de_modules/rolldown/dist/shared/error-BLhcSyeg.mjs:48
:18)
    at unwrapBindingResult (file:///C:/Users/ponug/On
eDrive/Desktop/3rdyrproject/frontend/node_modules/rol
ldown/dist/shared/error-BLhcSyeg.mjs:18:128)
    at #build (file:///C:/Users/ponug/OneDrive/Deskto
p/3rdyrproject/frontend/node_modules/rolldown/dist/sh
ared/rolldown-build-CPrIX9V6.mjs:3313:34)
    at async buildEnvironment (file:///C:/Users/ponug
/OneDrive/Desktop/3rdyrproject/frontend/node_modules/
vite/dist/node/chunks/node.js:32849:64)
    at async Object.build (file:///C:/Users/ponug/One
Drive/Desktop/3rdyrproject/frontend/node_modules/vite
/dist/node/chunks/node.js:33271:19)
    at async Object.buildApp (file:///C:/Users/ponug/
OneDrive/Desktop/3rdyrproject/frontend/node_modules/v
ite/dist/node/chunks/node.js:33268:153)
    at async CAC.<anonymous> (file:///C:/Users/ponug/
OneDrive/Desktop/3rdyrproject/frontend/node_modules/v
ite/dist/node/cli.js:778:3) {
  errors: [Getter/Setter]
}[39m
